<?xml version="1.0" encoding="UTF-8"?>
<!-- Generated by org.testng.reporters.JUnitXMLReporter -->
<testsuite hostname="pavan" ignored="0" name="Test" tests="1" failures="1" timestamp="2020-04-23T15:59:02 IST" time="26.34" errors="0">
  <testcase name="TestCase" time="5.786" classname="com.flipkart.testcases.TestSuite">
    <failure type="java.lang.NullPointerException">
      <![CDATA[java.lang.NullPointerException
at com.flipkart.utilites.Testutil.switchWindow(Testutil.java:14)
at com.flipkart.mobilepageobj.MobilesPageObj.selectMobile(MobilesPageObj.java:114)
at com.flipkart.testcases.TestSuite.TestCase(TestSuite.java:45)
at java.util.ArrayList.forEach(ArrayList.java:1257)
... Removed 27 stack frames]]>
    </failure>
  </testcase> <!-- TestCase -->
</testsuite> <!-- Test -->
