<?xml version="1.0" encoding="UTF-8"?>
<testng-results ignored="0" total="2" passed="1" failed="1" skipped="0">
  <reporter-output>
  </reporter-output>
  <suite started-at="2020-05-29T21:41:01 IST" name="Suite" finished-at="2020-05-29T21:41:36 IST" duration-ms="34842">
    <groups>
    </groups>
    <test started-at="2020-05-29T21:41:01 IST" name="Test" finished-at="2020-05-29T21:41:36 IST" duration-ms="34842">
      <class name="com.flipkart.testcases.TestSuite">
        <test-method is-config="true" signature="beforeMethod(java.lang.String, java.lang.String)[pri:0, instance:com.flipkart.testcases.TestSuite@77167fb7]" started-at="2020-05-29T21:41:01 IST" name="beforeMethod" finished-at="2020-05-29T21:41:14 IST" duration-ms="12737" status="PASS">
          <params>
            <param index="0">
              <value>
                <![CDATA[chrome]]>
              </value>
            </param>
            <param index="1">
              <value>
                <![CDATA[https://www.flipkart.com]]>
              </value>
            </param>
          </params>
          <reporter-output>
          </reporter-output>
        </test-method> <!-- beforeMethod -->
        <test-method signature="TestCase(java.lang.String, java.lang.String, java.lang.String, java.lang.String, int)[pri:0, instance:com.flipkart.testcases.TestSuite@77167fb7]" started-at="2020-05-29T21:41:14 IST" name="TestCase" finished-at="2020-05-29T21:41:18 IST" duration-ms="4103" status="PASS">
          <params>
            <param index="0">
              <value>
                <![CDATA[Phones]]>
              </value>
            </param>
            <param index="1">
              <value>
                <![CDATA[6 GB]]>
              </value>
            </param>
            <param index="2">
              <value>
                <![CDATA[Realme]]>
              </value>
            </param>
            <param index="3">
              <value>
                <![CDATA[Realme 5 Pro (Sparkling Blue, 64 GB)]]>
              </value>
            </param>
            <param index="4">
              <value>
                <![CDATA[1]]>
              </value>
            </param>
          </params>
          <reporter-output>
          </reporter-output>
        </test-method> <!-- TestCase -->
        <test-method is-config="true" signature="afterMethod()[pri:0, instance:com.flipkart.testcases.TestSuite@77167fb7]" started-at="2020-05-29T21:41:18 IST" name="afterMethod" finished-at="2020-05-29T21:41:19 IST" duration-ms="1244" status="PASS">
          <reporter-output>
          </reporter-output>
        </test-method> <!-- afterMethod -->
        <test-method is-config="true" signature="beforeMethod(java.lang.String, java.lang.String)[pri:0, instance:com.flipkart.testcases.TestSuite@77167fb7]" started-at="2020-05-29T21:41:19 IST" name="beforeMethod" finished-at="2020-05-29T21:41:30 IST" duration-ms="11091" status="PASS">
          <params>
            <param index="0">
              <value>
                <![CDATA[chrome]]>
              </value>
            </param>
            <param index="1">
              <value>
                <![CDATA[https://www.flipkart.com]]>
              </value>
            </param>
          </params>
          <reporter-output>
          </reporter-output>
        </test-method> <!-- beforeMethod -->
        <test-method signature="TestCase1(java.lang.String, java.lang.String, java.lang.String, java.lang.String, int)[pri:0, instance:com.flipkart.testcases.TestSuite@77167fb7]" started-at="2020-05-29T21:41:30 IST" name="TestCase1" finished-at="2020-05-29T21:41:35 IST" duration-ms="4361" status="FAIL">
          <params>
            <param index="0">
              <value>
                <![CDATA[Phones]]>
              </value>
            </param>
            <param index="1">
              <value>
                <![CDATA[6 GB]]>
              </value>
            </param>
            <param index="2">
              <value>
                <![CDATA[Realme]]>
              </value>
            </param>
            <param index="3">
              <value>
                <![CDATA[Realme 5 Pro (Sparkling Blue, 64 GB)]]>
              </value>
            </param>
            <param index="4">
              <value>
                <![CDATA[1]]>
              </value>
            </param>
          </params>
          <exception class="org.openqa.selenium.StaleElementReferenceException">
            <message>
              <![CDATA[stale element reference: element is not attached to the page document
  (Session info: chrome=83.0.4103.61)
For documentation on this error, please visit: https://www.seleniumhq.org/exceptions/stale_element_reference.html
Build info: version: '3.141.59', revision: 'e82be7d358', time: '2018-11-14T08:17:03'
System info: host: 'DESKTOP-K158F13', ip: '192.168.56.1', os.name: 'Windows 10', os.arch: 'amd64', os.version: '10.0', java.version: '13.0.1'
Driver info: org.openqa.selenium.chrome.ChromeDriver
Capabilities {acceptInsecureCerts: false, browserName: chrome, browserVersion: 83.0.4103.61, chrome: {chromedriverVersion: 83.0.4103.39 (ccbf011cb2d2b..., userDataDir: C:\Users\DELL\AppData\Local...}, goog:chromeOptions: {debuggerAddress: localhost:60048}, javascriptEnabled: true, networkConnectionEnabled: false, pageLoadStrategy: normal, platform: WINDOWS, platformName: WINDOWS, proxy: Proxy(), setWindowRect: true, strictFileInteractability: false, timeouts: {implicit: 0, pageLoad: 300000, script: 30000}, unhandledPromptBehavior: dismiss and notify, webauthn:virtualAuthenticators: true}
Session ID: d6cabea616361024601a105f6b36e615]]>
            </message>
            <full-stacktrace>
              <![CDATA[org.openqa.selenium.StaleElementReferenceException: stale element reference: element is not attached to the page document
  (Session info: chrome=83.0.4103.61)
For documentation on this error, please visit: https://www.seleniumhq.org/exceptions/stale_element_reference.html
Build info: version: '3.141.59', revision: 'e82be7d358', time: '2018-11-14T08:17:03'
System info: host: 'DESKTOP-K158F13', ip: '192.168.56.1', os.name: 'Windows 10', os.arch: 'amd64', os.version: '10.0', java.version: '13.0.1'
Driver info: org.openqa.selenium.chrome.ChromeDriver
Capabilities {acceptInsecureCerts: false, browserName: chrome, browserVersion: 83.0.4103.61, chrome: {chromedriverVersion: 83.0.4103.39 (ccbf011cb2d2b..., userDataDir: C:\Users\DELL\AppData\Local...}, goog:chromeOptions: {debuggerAddress: localhost:60048}, javascriptEnabled: true, networkConnectionEnabled: false, pageLoadStrategy: normal, platform: WINDOWS, platformName: WINDOWS, proxy: Proxy(), setWindowRect: true, strictFileInteractability: false, timeouts: {implicit: 0, pageLoad: 300000, script: 30000}, unhandledPromptBehavior: dismiss and notify, webauthn:virtualAuthenticators: true}
Session ID: d6cabea616361024601a105f6b36e615
at java.base/jdk.internal.reflect.NativeConstructorAccessorImpl.newInstance0(Native Method)
at java.base/jdk.internal.reflect.NativeConstructorAccessorImpl.newInstance(NativeConstructorAccessorImpl.java:62)
at java.base/jdk.internal.reflect.DelegatingConstructorAccessorImpl.newInstance(DelegatingConstructorAccessorImpl.java:45)
at java.base/java.lang.reflect.Constructor.newInstanceWithCaller(Constructor.java:500)
at java.base/java.lang.reflect.Constructor.newInstance(Constructor.java:481)
at org.openqa.selenium.remote.http.W3CHttpResponseCodec.createException(W3CHttpResponseCodec.java:187)
at org.openqa.selenium.remote.http.W3CHttpResponseCodec.decode(W3CHttpResponseCodec.java:122)
at org.openqa.selenium.remote.http.W3CHttpResponseCodec.decode(W3CHttpResponseCodec.java:49)
at org.openqa.selenium.remote.HttpCommandExecutor.execute(HttpCommandExecutor.java:158)
at org.openqa.selenium.remote.service.DriverCommandExecutor.execute(DriverCommandExecutor.java:83)
at org.openqa.selenium.remote.RemoteWebDriver.execute(RemoteWebDriver.java:552)
at org.openqa.selenium.remote.RemoteWebElement.execute(RemoteWebElement.java:285)
at org.openqa.selenium.remote.RemoteWebElement.click(RemoteWebElement.java:84)
at com.flipkart.mobilepageobj.MobilesPageObj.selectMobile(MobilesPageObj.java:112)
at com.flipkart.testcases.TestSuite.TestCase1(TestSuite.java:70)
at java.base/jdk.internal.reflect.NativeMethodAccessorImpl.invoke0(Native Method)
at java.base/jdk.internal.reflect.NativeMethodAccessorImpl.invoke(NativeMethodAccessorImpl.java:62)
at java.base/jdk.internal.reflect.DelegatingMethodAccessorImpl.invoke(DelegatingMethodAccessorImpl.java:43)
at java.base/java.lang.reflect.Method.invoke(Method.java:567)
at org.testng.internal.MethodInvocationHelper.invokeMethod(MethodInvocationHelper.java:134)
at org.testng.internal.TestInvoker.invokeMethod(TestInvoker.java:597)
at org.testng.internal.TestInvoker.invokeTestMethod(TestInvoker.java:173)
at org.testng.internal.MethodRunner.runInSequence(MethodRunner.java:46)
at org.testng.internal.TestInvoker$MethodInvocationAgent.invoke(TestInvoker.java:816)
at org.testng.internal.TestInvoker.invokeTestMethods(TestInvoker.java:146)
at org.testng.internal.TestMethodWorker.invokeTestMethods(TestMethodWorker.java:146)
at org.testng.internal.TestMethodWorker.run(TestMethodWorker.java:128)
at java.base/java.util.ArrayList.forEach(ArrayList.java:1507)
at org.testng.TestRunner.privateRun(TestRunner.java:766)
at org.testng.TestRunner.run(TestRunner.java:587)
at org.testng.SuiteRunner.runTest(SuiteRunner.java:384)
at org.testng.SuiteRunner.runSequentially(SuiteRunner.java:378)
at org.testng.SuiteRunner.privateRun(SuiteRunner.java:337)
at org.testng.SuiteRunner.run(SuiteRunner.java:286)
at org.testng.SuiteRunnerWorker.runSuite(SuiteRunnerWorker.java:53)
at org.testng.SuiteRunnerWorker.run(SuiteRunnerWorker.java:96)
at org.testng.TestNG.runSuitesSequentially(TestNG.java:1187)
at org.testng.TestNG.runSuitesLocally(TestNG.java:1109)
at org.testng.TestNG.runSuites(TestNG.java:1039)
at org.testng.TestNG.run(TestNG.java:1007)
at org.testng.remote.AbstractRemoteTestNG.run(AbstractRemoteTestNG.java:115)
at org.testng.remote.RemoteTestNG.initAndRun(RemoteTestNG.java:251)
at org.testng.remote.RemoteTestNG.main(RemoteTestNG.java:77)
]]>
            </full-stacktrace>
          </exception> <!-- org.openqa.selenium.StaleElementReferenceException -->
          <reporter-output>
          </reporter-output>
        </test-method> <!-- TestCase1 -->
        <test-method is-config="true" signature="afterMethod()[pri:0, instance:com.flipkart.testcases.TestSuite@77167fb7]" started-at="2020-05-29T21:41:35 IST" name="afterMethod" finished-at="2020-05-29T21:41:36 IST" duration-ms="1232" status="PASS">
          <reporter-output>
          </reporter-output>
        </test-method> <!-- afterMethod -->
      </class> <!-- com.flipkart.testcases.TestSuite -->
    </test> <!-- Test -->
  </suite> <!-- Suite -->
</testng-results>
