<?xml version="1.0" encoding="UTF-8"?>
<testng-results skipped="0" failed="1" ignored="0" total="1" passed="0">
  <reporter-output>
  </reporter-output>
  <suite name="Suite" duration-ms="26340" started-at="2020-04-23T15:58:35 IST" finished-at="2020-04-23T15:59:02 IST">
    <groups>
    </groups>
    <test name="Test" duration-ms="26340" started-at="2020-04-23T15:58:35 IST" finished-at="2020-04-23T15:59:02 IST">
      <class name="com.flipkart.testcases.TestSuite">
        <test-method status="PASS" signature="beforeMethod(java.lang.String, java.lang.String)[pri:0, instance:com.flipkart.testcases.TestSuite@4f063c0a]" name="beforeMethod" is-config="true" duration-ms="19239" started-at="2020-04-23T15:58:35 IST" finished-at="2020-04-23T15:58:55 IST">
          <params>
            <param index="0">
              <value>
                <![CDATA[chrome]]>
              </value>
            </param>
            <param index="1">
              <value>
                <![CDATA[https://www.flipkart.com]]>
              </value>
            </param>
          </params>
          <reporter-output>
          </reporter-output>
        </test-method> <!-- beforeMethod -->
        <test-method status="FAIL" signature="TestCase(java.lang.String, java.lang.String, java.lang.String, java.lang.String, int)[pri:0, instance:com.flipkart.testcases.TestSuite@4f063c0a]" name="TestCase" duration-ms="5786" started-at="2020-04-23T15:58:55 IST" finished-at="2020-04-23T15:59:00 IST">
          <params>
            <param index="0">
              <value>
                <![CDATA[Phones]]>
              </value>
            </param>
            <param index="1">
              <value>
                <![CDATA[4 GB]]>
              </value>
            </param>
            <param index="2">
              <value>
                <![CDATA[Honor]]>
              </value>
            </param>
            <param index="3">
              <value>
                <![CDATA[Honor 20i (Phantom Blue, 128 GB)]]>
              </value>
            </param>
            <param index="4">
              <value>
                <![CDATA[1]]>
              </value>
            </param>
          </params>
          <exception class="java.lang.NullPointerException">
            <full-stacktrace>
              <![CDATA[java.lang.NullPointerException
at com.flipkart.utilites.Testutil.switchWindow(Testutil.java:14)
at com.flipkart.mobilepageobj.MobilesPageObj.selectMobile(MobilesPageObj.java:114)
at com.flipkart.testcases.TestSuite.TestCase(TestSuite.java:45)
at sun.reflect.NativeMethodAccessorImpl.invoke0(Native Method)
at sun.reflect.NativeMethodAccessorImpl.invoke(NativeMethodAccessorImpl.java:62)
at sun.reflect.DelegatingMethodAccessorImpl.invoke(DelegatingMethodAccessorImpl.java:43)
at java.lang.reflect.Method.invoke(Method.java:498)
at org.testng.internal.MethodInvocationHelper.invokeMethod(MethodInvocationHelper.java:134)
at org.testng.internal.TestInvoker.invokeMethod(TestInvoker.java:597)
at org.testng.internal.TestInvoker.invokeTestMethod(TestInvoker.java:173)
at org.testng.internal.MethodRunner.runInSequence(MethodRunner.java:46)
at org.testng.internal.TestInvoker$MethodInvocationAgent.invoke(TestInvoker.java:816)
at org.testng.internal.TestInvoker.invokeTestMethods(TestInvoker.java:146)
at org.testng.internal.TestMethodWorker.invokeTestMethods(TestMethodWorker.java:146)
at org.testng.internal.TestMethodWorker.run(TestMethodWorker.java:128)
at java.util.ArrayList.forEach(ArrayList.java:1257)
at org.testng.TestRunner.privateRun(TestRunner.java:766)
at org.testng.TestRunner.run(TestRunner.java:587)
at org.testng.SuiteRunner.runTest(SuiteRunner.java:384)
at org.testng.SuiteRunner.runSequentially(SuiteRunner.java:378)
at org.testng.SuiteRunner.privateRun(SuiteRunner.java:337)
at org.testng.SuiteRunner.run(SuiteRunner.java:286)
at org.testng.SuiteRunnerWorker.runSuite(SuiteRunnerWorker.java:53)
at org.testng.SuiteRunnerWorker.run(SuiteRunnerWorker.java:96)
at org.testng.TestNG.runSuitesSequentially(TestNG.java:1187)
at org.testng.TestNG.runSuitesLocally(TestNG.java:1109)
at org.testng.TestNG.runSuites(TestNG.java:1039)
at org.testng.TestNG.run(TestNG.java:1007)
at org.testng.remote.AbstractRemoteTestNG.run(AbstractRemoteTestNG.java:115)
at org.testng.remote.RemoteTestNG.initAndRun(RemoteTestNG.java:251)
at org.testng.remote.RemoteTestNG.main(RemoteTestNG.java:77)
]]>
            </full-stacktrace>
          </exception> <!-- java.lang.NullPointerException -->
          <reporter-output>
          </reporter-output>
        </test-method> <!-- TestCase -->
        <test-method status="PASS" signature="afterMethod()[pri:0, instance:com.flipkart.testcases.TestSuite@4f063c0a]" name="afterMethod" is-config="true" duration-ms="1251" started-at="2020-04-23T15:59:00 IST" finished-at="2020-04-23T15:59:02 IST">
          <reporter-output>
          </reporter-output>
        </test-method> <!-- afterMethod -->
      </class> <!-- com.flipkart.testcases.TestSuite -->
    </test> <!-- Test -->
  </suite> <!-- Suite -->
</testng-results>
